<?xml version="1.0" encoding="UTF-8"?>
<!-- Generated by org.testng.reporters.JUnitReportReporter -->
<testsuite ignored="0" hostname="DESKTOP-7A2K48V" failures="0" tests="7" name="testingbaba_tests.Buttons_Test" time="5.774" errors="0" timestamp="09 Sept 2024 04:30:52 GMT" skipped="0">
  <testcase classname="testingbaba_tests.Buttons_Test" name="ToVerify_Elements" time="0.594"/>
  <testcase classname="testingbaba_tests.Buttons_Test" name="ToVerify_Practice" time="2.359"/>
  <testcase classname="testingbaba_tests.Buttons_Test" name="ToVerify_Buttons" time="0.560"/>
  <testcase classname="testingbaba_tests.Buttons_Test" name="ToVerify_Closebtn" time="0.524"/>
  <testcase classname="testingbaba_tests.Buttons_Test" name="ToVerify_DoubleClick" time="0.508"/>
  <testcase classname="testingbaba_tests.Buttons_Test" name="ToVerify_RightClick" time="0.567"/>
  <testcase classname="testingbaba_tests.Buttons_Test" name="ToVerify_SingleClick" time="0.662"/>
</testsuite> <!-- testingbaba_tests.Buttons_Test -->
