<?xml version="1.0" encoding="UTF-8"?>
<!-- Generated by org.testng.reporters.JUnitReportReporter -->
<testsuite ignored="0" hostname="DESKTOP-7A2K48V" failures="0" tests="1" name="testcases.Login_Test" time="0.028" errors="0" timestamp="20 Aug 2024 14:33:20 GMT" skipped="0">
  <testcase classname="testcases.Login_Test" name="Toverify_titleOf_testingbaba" time="0.028"/>
</testsuite> <!-- testcases.Login_Test -->
