<?xml version="1.0" encoding="UTF-8"?>
<!-- Generated by org.testng.reporters.JUnitReportReporter -->
<testsuite ignored="0" hostname="DESKTOP-7A2K48V" failures="0" tests="3" name="testcases.TestBox_Test" time="2.861" errors="0" timestamp="20 Aug 2024 14:34:17 GMT" skipped="0">
  <testcase classname="testcases.TestBox_Test" name="clickontextbox" time="0.177"/>
  <testcase classname="testcases.TestBox_Test" name="clickonclosebtn_practice" time="2.519"/>
  <testcase classname="testcases.TestBox_Test" name="clickon_elements" time="0.165"/>
</testsuite> <!-- testcases.TestBox_Test -->
