<?xml version="1.0" encoding="UTF-8"?>
<!-- Generated by org.testng.reporters.JUnitReportReporter -->
<testsuite ignored="0" hostname="DESKTOP-7A2K48V" failures="0" tests="1" name="testingbaba_tests.Login_Test" time="0.375" errors="0" timestamp="17 Dec 2024 11:11:56 GMT" skipped="0">
  <testcase classname="testingbaba_tests.Login_Test" name="Toverify_titleOf_testingbaba" time="0.375"/>
</testsuite> <!-- testingbaba_tests.Login_Test -->
